<?xml version="1.0" encoding="UTF-8"?>
<!-- Generated by org.testng.reporters.JUnitReportReporter -->
<testsuite hostname="Jhonwiickk" failures="0" tests="3" name="test.TestCompareArray" time="0.018" errors="0" timestamp="08 Jun 2019 22:34:38 GMT" skipped="0">
  <testcase classname="test.TestCompareArray" name="differentValues" time="0.014"/>
  <testcase classname="test.TestCompareArray" name="testDiffLen" time="0.002"/>
  <testcase classname="test.TestCompareArray" name="sameValues" time="0.002"/>
</testsuite> <!-- test.TestCompareArray -->
